<?xml version='1.0' encoding='UTF-8' ?>
<testsuite name="com.example.allpermisionautomation.ExampleInstrumentedTest" tests="1" failures="0" errors="0" skipped="0" time="10.248" timestamp="2022-12-01T12:22:57" hostname="localhost">
  <properties>
    <property name="device" value="Pixel_4_XL_API_31(AVD) - 12" />
    <property name="flavor" value="" />
    <property name="project" value=":app" />
  </properties>
  <testcase name="bluetoothPermission" classname="com.example.allpermisionautomation.ExampleInstrumentedTest" time="9.41" />
</testsuite>